<?xml version="1.0" encoding="UTF-8"?>
<!-- Generated by org.testng.reporters.JUnitReportReporter -->
<testsuite skipped="0" hostname="EPBYMINW2898" name="com.atm.modulefive.webdriver.advanced.test.VoloTeaTest" tests="4" failures="0" timestamp="09 Jun 2017 10:10:45 GMT" time="26.607" errors="0">
  <testcase name="SearchFlights" time="5.576" classname="com.atm.modulefive.webdriver.advanced.test.VoloTeaTest"/>
  <testcase name="EnterOriginReturnDetails" time="11.002" classname="com.atm.modulefive.webdriver.advanced.test.VoloTeaTest"/>
  <testcase name="LoginToVoloTea" time="9.863" classname="com.atm.modulefive.webdriver.advanced.test.VoloTeaTest"/>
  <testcase name="FlightInformation" time="0.166" classname="com.atm.modulefive.webdriver.advanced.test.VoloTeaTest"/>
</testsuite> <!-- com.atm.modulefive.webdriver.advanced.test.VoloTeaTest -->
