<?xml version="1.0" encoding="UTF-8"?>
<!-- Generated by org.testng.reporters.JUnitReportReporter -->
<testsuite skipped="0" hostname="EPBYMINW2898" name="com.atm.modulefive.webdriver.advanced.test.VoloTeaTest" tests="4" failures="0" timestamp="14 Jun 2017 16:14:06 GMT" time="29.062" errors="0">
  <testcase name="EnterOriginReturnDetails" time="13.718" classname="com.atm.modulefive.webdriver.advanced.test.VoloTeaTest"/>
  <testcase name="FlightInformation" time="0.141" classname="com.atm.modulefive.webdriver.advanced.test.VoloTeaTest"/>
  <testcase name="LoginToVoloTea" time="9.805" classname="com.atm.modulefive.webdriver.advanced.test.VoloTeaTest"/>
  <testcase name="SearchFlights" time="5.398" classname="com.atm.modulefive.webdriver.advanced.test.VoloTeaTest"/>
</testsuite> <!-- com.atm.modulefive.webdriver.advanced.test.VoloTeaTest -->
