<?xml version="1.0" encoding="UTF-8"?>
<!-- Generated by org.testng.reporters.JUnitReportReporter -->
<testsuite skipped="0" hostname="EPBYMINW2898" name="com.atm.modulefive.webdriver.basics.runner.VoloTeaDemo" tests="3" failures="0" timestamp="06 Jun 2017 09:43:20 GMT" time="23.594" errors="0">
  <testcase name="FlightInformation" time="0.520" classname="com.atm.modulefive.webdriver.basics.runner.VoloTeaDemo"/>
  <testcase name="VoloTeaSignIn" time="1.301" classname="com.atm.modulefive.webdriver.basics.runner.VoloTeaDemo"/>
  <testcase name="SearchFlights" time="21.773" classname="com.atm.modulefive.webdriver.basics.runner.VoloTeaDemo"/>
</testsuite> <!-- com.atm.modulefive.webdriver.basics.runner.VoloTeaDemo -->
