<?xml version="1.0" encoding="UTF-8"?>
<!-- Generated by org.testng.reporters.JUnitReportReporter -->
<testsuite skipped="0" hostname="EPINHYDW0086" name="com.atm.modulefive.webdriver.advanced.tests.VoloTeaLoginWithUsers" tests="1" failures="0" timestamp="15 Jun 2017 09:40:52 GMT" time="16.449" errors="0">
  <testcase name="LoginToVoloTea" time="16.449" classname="com.atm.modulefive.webdriver.advanced.tests.VoloTeaLoginWithUsers"/>
</testsuite> <!-- com.atm.modulefive.webdriver.advanced.tests.VoloTeaLoginWithUsers -->
