<?xml version="1.0" encoding="UTF-8"?>
<!-- Generated by org.testng.reporters.JUnitReportReporter -->
<testsuite skipped="0" hostname="EPINHYDW0086" name="com.atm.modulefive.webdriver.advanced.test.VoloTeaTest" tests="4" failures="0" timestamp="13 Jun 2017 07:28:04 GMT" time="31.611" errors="0">
  <testcase name="FlightInformation" time="0.088" classname="com.atm.modulefive.webdriver.advanced.test.VoloTeaTest"/>
  <testcase name="SearchFlights" time="6.830" classname="com.atm.modulefive.webdriver.advanced.test.VoloTeaTest"/>
  <testcase name="LoginToVoloTea" time="11.022" classname="com.atm.modulefive.webdriver.advanced.test.VoloTeaTest"/>
  <testcase name="EnterOriginReturnDetails" time="13.671" classname="com.atm.modulefive.webdriver.advanced.test.VoloTeaTest"/>
</testsuite> <!-- com.atm.modulefive.webdriver.advanced.test.VoloTeaTest -->
