<?xml version="1.0" encoding="UTF-8"?>
<!-- Generated by org.testng.reporters.JUnitReportReporter -->
<testsuite skipped="0" hostname="EPBYMINW2898" name="com.atm.modulefive.webdriver.advanced.test.VoloTeaTest" tests="4" failures="0" timestamp="09 Jun 2017 11:03:02 GMT" time="26.546" errors="0">
  <testcase name="SearchFlights" time="5.702" classname="com.atm.modulefive.webdriver.advanced.test.VoloTeaTest"/>
  <testcase name="EnterOriginReturnDetails" time="10.885" classname="com.atm.modulefive.webdriver.advanced.test.VoloTeaTest"/>
  <testcase name="LoginToVoloTea" time="9.790" classname="com.atm.modulefive.webdriver.advanced.test.VoloTeaTest"/>
  <testcase name="FlightInformation" time="0.169" classname="com.atm.modulefive.webdriver.advanced.test.VoloTeaTest"/>
</testsuite> <!-- com.atm.modulefive.webdriver.advanced.test.VoloTeaTest -->
