<?xml version="1.0" encoding="UTF-8"?>
<!-- Generated by org.testng.reporters.JUnitReportReporter -->
<testsuite skipped="0" hostname="EPINHYDW0086" name="com.atm.modulefive.webdriver.basics.VoloTeaDemo" tests="3" failures="0" timestamp="31 May 2017 11:08:33 GMT" time="16.443" errors="0">
  <testcase name="VoloTeaSignIn" time="1.063" classname="com.atm.modulefive.webdriver.basics.VoloTeaDemo"/>
  <testcase name="FlightInformation" time="0.086" classname="com.atm.modulefive.webdriver.basics.VoloTeaDemo"/>
  <testcase name="SearchFlights" time="15.294" classname="com.atm.modulefive.webdriver.basics.VoloTeaDemo"/>
</testsuite> <!-- com.atm.modulefive.webdriver.basics.VoloTeaDemo -->
