<?xml version="1.0" encoding="UTF-8"?>
<!-- Generated by org.testng.reporters.JUnitReportReporter -->
<testsuite skipped="1" hostname="EPBYMINW2898" name="com.atm.modulefive.webdriver.basics.runner.VoloTeaDemo" tests="3" failures="0" timestamp="07 Jun 2017 07:57:09 GMT" time="3.985" errors="1">
  <testcase name="VoloTeaSignIn" time="3.983" classname="com.atm.modulefive.webdriver.basics.runner.VoloTeaDemo"/>
  <testcase name="SearchFlights" time="0.002" classname="com.atm.modulefive.webdriver.basics.runner.VoloTeaDemo">
    <error type="java.lang.Error" message="Unresolved compilation problem: 
	The method setReturndate(String) is undefined for the type Constants
">
      <![CDATA[java.lang.Error: Unresolved compilation problem: 
	The method setReturndate(String) is undefined for the type Constants

	at com.atm.modulefive.webdriver.basics.runner.VoloTeaDemo.SearchFlights(VoloTeaDemo.java:61)
	at sun.reflect.NativeMethodAccessorImpl.invoke0(Native Method)
	at sun.reflect.NativeMethodAccessorImpl.invoke(Unknown Source)
	at sun.reflect.DelegatingMethodAccessorImpl.invoke(Unknown Source)
	at java.lang.reflect.Method.invoke(Unknown Source)
	at org.testng.internal.MethodInvocationHelper.invokeMethod(MethodInvocationHelper.java:108)
	at org.testng.internal.Invoker.invokeMethod(Invoker.java:661)
	at org.testng.internal.Invoker.invokeTestMethod(Invoker.java:869)
	at org.testng.internal.Invoker.invokeTestMethods(Invoker.java:1193)
	at org.testng.internal.TestMethodWorker.invokeTestMethods(TestMethodWorker.java:126)
	at org.testng.internal.TestMethodWorker.run(TestMethodWorker.java:109)
	at org.testng.TestRunner.privateRun(TestRunner.java:744)
	at org.testng.TestRunner.run(TestRunner.java:602)
	at org.testng.SuiteRunner.runTest(SuiteRunner.java:380)
	at org.testng.SuiteRunner.runSequentially(SuiteRunner.java:375)
	at org.testng.SuiteRunner.privateRun(SuiteRunner.java:340)
	at org.testng.SuiteRunner.run(SuiteRunner.java:289)
	at org.testng.SuiteRunnerWorker.runSuite(SuiteRunnerWorker.java:52)
	at org.testng.SuiteRunnerWorker.run(SuiteRunnerWorker.java:86)
	at org.testng.TestNG.runSuitesSequentially(TestNG.java:1301)
	at org.testng.TestNG.runSuitesLocally(TestNG.java:1226)
	at org.testng.TestNG.runSuites(TestNG.java:1144)
	at org.testng.TestNG.run(TestNG.java:1115)
	at org.testng.remote.AbstractRemoteTestNG.run(AbstractRemoteTestNG.java:132)
	at org.testng.remote.RemoteTestNG.initAndRun(RemoteTestNG.java:230)
	at org.testng.remote.RemoteTestNG.main(RemoteTestNG.java:76)
]]>
    </error>
  </testcase> <!-- SearchFlights -->
  <testcase name="FlightInformation" time="0.000" classname="com.atm.modulefive.webdriver.basics.runner.VoloTeaDemo">
    <skipped/>
  </testcase> <!-- FlightInformation -->
</testsuite> <!-- com.atm.modulefive.webdriver.basics.runner.VoloTeaDemo -->
