<?xml version="1.0" encoding="UTF-8"?>
<!-- Generated by org.testng.reporters.JUnitReportReporter -->
<testsuite skipped="1" hostname="EPBYMINW2898" name="com.atm.modulefive.webdriver.advanced.tests.VoloTeaTest" tests="4" failures="0" timestamp="14 Jun 2017 16:09:13 GMT" time="79.066" errors="1">
  <testcase name="SearchFlights" time="58.333" classname="com.atm.modulefive.webdriver.advanced.tests.VoloTeaTest">
    <error type="org.openqa.selenium.StaleElementReferenceException" message="stale element reference: element is not attached to the page document
  (Session info: chrome=59.0.3071.86)
  (Driver info: chromedriver=2.29.461591 (62ebf098771772160f391d75e589dc567915b233),platform=Windows NT 10.0.14393 x86_64) (WARNING: The server did not provide any stacktrace information)
Command duration or timeout: 58.28 seconds
For documentation on this error, please visit: http://seleniumhq.org/exceptions/stale_element_reference.html
Build info: version: &#039;3.3.1&#039;, revision: &#039;5234b325d5&#039;, time: &#039;2017-03-10 09:10:29 +0000&#039;
System info: host: &#039;EPBYMINW2898&#039;, ip: &#039;192.168.56.1&#039;, os.name: &#039;Windows 10&#039;, os.arch: &#039;amd64&#039;, os.version: &#039;10.0&#039;, java.version: &#039;1.8.0_131&#039;
Driver info: org.openqa.selenium.chrome.ChromeDriver
Capabilities [{applicationCacheEnabled=false, rotatable=false, mobileEmulationEnabled=false, networkConnectionEnabled=false, chrome={chromedriverVersion=2.29.461591 (62ebf098771772160f391d75e589dc567915b233), userDataDir=C:\Users\IGAR_K~1\AppData\Local\Temp\scoped_dir1240_28219}, takesHeapSnapshot=true, pageLoadStrategy=normal, databaseEnabled=false, handlesAlerts=true, hasTouchScreen=false, version=59.0.3071.86, platform=XP, browserConnectionEnabled=false, nativeEvents=true, acceptSslCerts=true, locationContextEnabled=true, webStorageEnabled=true, browserName=chrome, takesScreenshot=true, javascriptEnabled=true, cssSelectorsEnabled=true, unexpectedAlertBehaviour=}]
Session ID: 02c8b180feeef431b72ba5da8c815c11
*** Element info: {Using=name, value=children}">
      <![CDATA[org.openqa.selenium.StaleElementReferenceException: stale element reference: element is not attached to the page document
  (Session info: chrome=59.0.3071.86)
  (Driver info: chromedriver=2.29.461591 (62ebf098771772160f391d75e589dc567915b233),platform=Windows NT 10.0.14393 x86_64) (WARNING: The server did not provide any stacktrace information)
Command duration or timeout: 58.28 seconds
For documentation on this error, please visit: http://seleniumhq.org/exceptions/stale_element_reference.html
Build info: version: '3.3.1', revision: '5234b325d5', time: '2017-03-10 09:10:29 +0000'
System info: host: 'EPBYMINW2898', ip: '192.168.56.1', os.name: 'Windows 10', os.arch: 'amd64', os.version: '10.0', java.version: '1.8.0_131'
Driver info: org.openqa.selenium.chrome.ChromeDriver
Capabilities [{applicationCacheEnabled=false, rotatable=false, mobileEmulationEnabled=false, networkConnectionEnabled=false, chrome={chromedriverVersion=2.29.461591 (62ebf098771772160f391d75e589dc567915b233), userDataDir=C:\Users\IGAR_K~1\AppData\Local\Temp\scoped_dir1240_28219}, takesHeapSnapshot=true, pageLoadStrategy=normal, databaseEnabled=false, handlesAlerts=true, hasTouchScreen=false, version=59.0.3071.86, platform=XP, browserConnectionEnabled=false, nativeEvents=true, acceptSslCerts=true, locationContextEnabled=true, webStorageEnabled=true, browserName=chrome, takesScreenshot=true, javascriptEnabled=true, cssSelectorsEnabled=true, unexpectedAlertBehaviour=}]
Session ID: 02c8b180feeef431b72ba5da8c815c11
*** Element info: {Using=name, value=children}
	at sun.reflect.NativeConstructorAccessorImpl.newInstance0(Native Method)
	at sun.reflect.NativeConstructorAccessorImpl.newInstance(Unknown Source)
	at sun.reflect.DelegatingConstructorAccessorImpl.newInstance(Unknown Source)
	at java.lang.reflect.Constructor.newInstance(Unknown Source)
	at org.openqa.selenium.remote.ErrorHandler.createThrowable(ErrorHandler.java:216)
	at org.openqa.selenium.remote.ErrorHandler.throwIfResponseFailed(ErrorHandler.java:168)
	at org.openqa.selenium.remote.RemoteWebDriver.execute(RemoteWebDriver.java:638)
	at org.openqa.selenium.remote.RemoteWebElement.execute(RemoteWebElement.java:274)
	at org.openqa.selenium.remote.RemoteWebElement.findElements(RemoteWebElement.java:193)
	at org.openqa.selenium.remote.RemoteWebElement.findElementsByName(RemoteWebElement.java:230)
	at org.openqa.selenium.By$ByName.findElements(By.java:295)
	at org.openqa.selenium.remote.RemoteWebElement.findElements(RemoteWebElement.java:169)
	at org.openqa.selenium.support.pagefactory.ByChained.findElements(ByChained.java:72)
	at org.openqa.selenium.support.pagefactory.ByChained.findElement(ByChained.java:52)
	at org.openqa.selenium.remote.RemoteWebDriver.findElement(RemoteWebDriver.java:363)
	at org.openqa.selenium.support.pagefactory.DefaultElementLocator.findElement(DefaultElementLocator.java:69)
	at org.openqa.selenium.support.pagefactory.internal.LocatingElementHandler.invoke(LocatingElementHandler.java:38)
	at com.sun.proxy.$Proxy7.getTagName(Unknown Source)
	at org.openqa.selenium.support.ui.Select.<init>(Select.java:44)
	at com.atm.modulefive.webdriver.advanced.pages.VoloTeaFlightSearch.doFlightSearch(VoloTeaFlightSearch.java:77)
	at com.atm.modulefive.webdriver.advanced.tests.VoloTeaTest.SearchFlights(VoloTeaTest.java:52)
	at sun.reflect.NativeMethodAccessorImpl.invoke0(Native Method)
	at sun.reflect.NativeMethodAccessorImpl.invoke(Unknown Source)
	at sun.reflect.DelegatingMethodAccessorImpl.invoke(Unknown Source)
	at java.lang.reflect.Method.invoke(Unknown Source)
	at org.testng.internal.MethodInvocationHelper.invokeMethod(MethodInvocationHelper.java:108)
	at org.testng.internal.Invoker.invokeMethod(Invoker.java:661)
	at org.testng.internal.Invoker.invokeTestMethod(Invoker.java:869)
	at org.testng.internal.Invoker.invokeTestMethods(Invoker.java:1193)
	at org.testng.internal.TestMethodWorker.invokeTestMethods(TestMethodWorker.java:126)
	at org.testng.internal.TestMethodWorker.run(TestMethodWorker.java:109)
	at org.testng.TestRunner.privateRun(TestRunner.java:744)
	at org.testng.TestRunner.run(TestRunner.java:602)
	at org.testng.SuiteRunner.runTest(SuiteRunner.java:380)
	at org.testng.SuiteRunner.runSequentially(SuiteRunner.java:375)
	at org.testng.SuiteRunner.privateRun(SuiteRunner.java:340)
	at org.testng.SuiteRunner.run(SuiteRunner.java:289)
	at org.testng.SuiteRunnerWorker.runSuite(SuiteRunnerWorker.java:52)
	at org.testng.SuiteRunnerWorker.run(SuiteRunnerWorker.java:86)
	at org.testng.TestNG.runSuitesSequentially(TestNG.java:1301)
	at org.testng.TestNG.runSuitesLocally(TestNG.java:1226)
	at org.testng.TestNG.runSuites(TestNG.java:1144)
	at org.testng.TestNG.run(TestNG.java:1115)
	at org.testng.remote.AbstractRemoteTestNG.run(AbstractRemoteTestNG.java:132)
	at org.testng.remote.RemoteTestNG.initAndRun(RemoteTestNG.java:230)
	at org.testng.remote.RemoteTestNG.main(RemoteTestNG.java:76)
]]>
    </error>
  </testcase> <!-- SearchFlights -->
  <testcase name="FlightInformation" time="0.000" classname="com.atm.modulefive.webdriver.advanced.tests.VoloTeaTest">
    <skipped/>
  </testcase> <!-- FlightInformation -->
  <testcase name="LoginToVoloTea" time="9.932" classname="com.atm.modulefive.webdriver.advanced.tests.VoloTeaTest"/>
  <testcase name="EnterOriginReturnDetails" time="10.801" classname="com.atm.modulefive.webdriver.advanced.tests.VoloTeaTest"/>
</testsuite> <!-- com.atm.modulefive.webdriver.advanced.tests.VoloTeaTest -->
