<?xml version="1.0" encoding="UTF-8"?>
<!-- Generated by org.testng.reporters.JUnitReportReporter -->
<testsuite skipped="0" hostname="EPINHYDW0086" name="com.atm.modulefive.webdriver.basics.AppTest" tests="1" failures="0" timestamp="29 May 2017 08:11:12 GMT" time="0.015" errors="0">
  <testcase name="testApp" time="0.015" classname="com.atm.modulefive.webdriver.basics.AppTest"/>
</testsuite> <!-- com.atm.modulefive.webdriver.basics.AppTest -->
